<?xml version="1.0" encoding="UTF-8"?>
<testng-results skipped="0" failed="1" ignored="6" total="9" passed="2">
  <reporter-output>
  </reporter-output>
  <suite name="Tests" duration-ms="48454" started-at="2021-04-30T11:15:14 IDT" finished-at="2021-04-30T11:16:02 IDT">
    <groups>
      <group name="regression">
        <method signature="LoginTests.loginNegative(java.lang.String, java.lang.String)[pri:0, instance:org.example.tests.LoginTests@2698dc7]" name="loginNegative" class="org.example.tests.LoginTests"/>
      </group> <!-- regression -->
    </groups>
    <test name="regression exclude smoke testing" duration-ms="48454" started-at="2021-04-30T11:15:14 IDT" finished-at="2021-04-30T11:16:02 IDT">
      <class name="org.example.tests.LoginTests">
        <test-method status="PASS" signature="initTestSuite()[pri:0, instance:org.example.tests.LoginTests@2698dc7]" name="initTestSuite" is-config="true" duration-ms="17" started-at="2021-04-30T11:15:14 IDT" finished-at="2021-04-30T11:15:14 IDT">
          <reporter-output>
          </reporter-output>
        </test-method> <!-- initTestSuite -->
        <test-method status="PASS" signature="initWebDriver()[pri:0, instance:org.example.tests.LoginTests@2698dc7]" name="initWebDriver" is-config="true" duration-ms="6257" started-at="2021-04-30T11:15:14 IDT" finished-at="2021-04-30T11:15:20 IDT">
          <reporter-output>
          </reporter-output>
        </test-method> <!-- initWebDriver -->
        <test-method status="PASS" signature="initTests()[pri:0, instance:org.example.tests.LoginTests@2698dc7]" name="initTests" is-config="true" duration-ms="1664" started-at="2021-04-30T11:15:20 IDT" finished-at="2021-04-30T11:15:22 IDT">
          <reporter-output>
          </reporter-output>
        </test-method> <!-- initTests -->
        <test-method status="FAIL" signature="loginNegative(java.lang.String, java.lang.String)[pri:0, instance:org.example.tests.LoginTests@2698dc7]" name="loginNegative" duration-ms="21665" started-at="2021-04-30T11:15:22 IDT" data-provider="dataProviderRandomDataInsert" finished-at="2021-04-30T11:15:44 IDT">
          <params>
            <param index="0">
              <value>
                <![CDATA[ymJ]]>
              </value>
            </param>
            <param index="1">
              <value>
                <![CDATA[djScz]]>
              </value>
            </param>
          </params>
          <exception class="java.lang.AssertionError">
            <message>
              <![CDATA[Different error message did not expect to find [true] but found [false]]]>
            </message>
            <full-stacktrace>
              <![CDATA[java.lang.AssertionError: Different error message did not expect to find [true] but found [false]
at org.testng.Assert.fail(Assert.java:97)
at org.testng.Assert.failNotEquals(Assert.java:969)
at org.testng.Assert.assertTrue(Assert.java:43)
at org.example.tests.LoginTests.loginNegative(LoginTests.java:160)
at sun.reflect.NativeMethodAccessorImpl.invoke0(Native Method)
at sun.reflect.NativeMethodAccessorImpl.invoke(NativeMethodAccessorImpl.java:62)
at sun.reflect.DelegatingMethodAccessorImpl.invoke(DelegatingMethodAccessorImpl.java:43)
at java.lang.reflect.Method.invoke(Method.java:498)
at org.testng.internal.MethodInvocationHelper.invokeMethod(MethodInvocationHelper.java:133)
at org.testng.internal.TestInvoker.invokeMethod(TestInvoker.java:584)
at org.testng.internal.TestInvoker.invokeTestMethod(TestInvoker.java:172)
at org.testng.internal.MethodRunner.runInSequence(MethodRunner.java:46)
at org.testng.internal.TestInvoker$MethodInvocationAgent.invoke(TestInvoker.java:804)
at org.testng.internal.TestInvoker.invokeTestMethods(TestInvoker.java:145)
at org.testng.internal.TestMethodWorker.invokeTestMethods(TestMethodWorker.java:146)
at org.testng.internal.TestMethodWorker.run(TestMethodWorker.java:128)
at java.util.ArrayList.forEach(ArrayList.java:1259)
at org.testng.TestRunner.privateRun(TestRunner.java:770)
at org.testng.TestRunner.run(TestRunner.java:591)
at org.testng.SuiteRunner.runTest(SuiteRunner.java:402)
at org.testng.SuiteRunner.runSequentially(SuiteRunner.java:396)
at org.testng.SuiteRunner.privateRun(SuiteRunner.java:355)
at org.testng.SuiteRunner.run(SuiteRunner.java:304)
at org.testng.SuiteRunnerWorker.runSuite(SuiteRunnerWorker.java:53)
at org.testng.SuiteRunnerWorker.run(SuiteRunnerWorker.java:96)
at org.testng.TestNG.runSuitesSequentially(TestNG.java:1180)
at org.testng.TestNG.runSuitesLocally(TestNG.java:1102)
at org.testng.TestNG.runSuites(TestNG.java:1032)
at org.testng.TestNG.run(TestNG.java:1000)
at org.apache.maven.surefire.testng.TestNGExecutor.run(TestNGExecutor.java:283)
at org.apache.maven.surefire.testng.TestNGXmlTestSuite.execute(TestNGXmlTestSuite.java:75)
at org.apache.maven.surefire.testng.TestNGProvider.invoke(TestNGProvider.java:120)
at org.apache.maven.surefire.booter.ForkedBooter.invokeProviderInSameClassLoader(ForkedBooter.java:384)
at org.apache.maven.surefire.booter.ForkedBooter.runSuitesInProcess(ForkedBooter.java:345)
at org.apache.maven.surefire.booter.ForkedBooter.execute(ForkedBooter.java:126)
at org.apache.maven.surefire.booter.ForkedBooter.main(ForkedBooter.java:418)
]]>
            </full-stacktrace>
          </exception> <!-- java.lang.AssertionError -->
          <reporter-output>
          </reporter-output>
        </test-method> <!-- loginNegative -->
        <test-method status="PASS" signature="finishTest(org.testng.ITestResult)[pri:0, instance:org.example.tests.LoginTests@2698dc7]" name="finishTest" is-config="true" duration-ms="302" started-at="2021-04-30T11:15:44 IDT" finished-at="2021-04-30T11:15:44 IDT">
          <params>
            <param index="0">
              <value>
                <![CDATA[[TestResult name=loginNegative status=FAILURE method=LoginTests.loginNegative(java.lang.String, java.lang.String)[pri:0, instance:org.example.tests.LoginTests@2698dc7] output={null}]]]>
              </value>
            </param>
          </params>
          <reporter-output>
          </reporter-output>
        </test-method> <!-- finishTest -->
        <test-method status="PASS" signature="tearDown()[pri:0, instance:org.example.tests.LoginTests@2698dc7]" name="tearDown" is-config="true" duration-ms="612" started-at="2021-04-30T11:15:44 IDT" finished-at="2021-04-30T11:15:44 IDT">
          <reporter-output>
          </reporter-output>
        </test-method> <!-- tearDown -->
        <test-method status="PASS" signature="initWebDriver()[pri:0, instance:org.example.tests.LoginTests@2698dc7]" name="initWebDriver" is-config="true" duration-ms="5082" started-at="2021-04-30T11:15:44 IDT" finished-at="2021-04-30T11:15:50 IDT">
          <reporter-output>
          </reporter-output>
        </test-method> <!-- initWebDriver -->
        <test-method status="PASS" signature="initTests()[pri:0, instance:org.example.tests.LoginTests@2698dc7]" name="initTests" is-config="true" duration-ms="1817" started-at="2021-04-30T11:15:50 IDT" finished-at="2021-04-30T11:15:51 IDT">
          <reporter-output>
          </reporter-output>
        </test-method> <!-- initTests -->
        <test-method status="PASS" signature="loginNegative(java.lang.String, java.lang.String)[pri:0, instance:org.example.tests.LoginTests@2698dc7]" name="loginNegative" duration-ms="2134" started-at="2021-04-30T11:15:51 IDT" data-provider="dataProviderRandomDataInsert" finished-at="2021-04-30T11:15:54 IDT">
          <params>
            <param index="0">
              <value>
                <![CDATA[kVH]]>
              </value>
            </param>
            <param index="1">
              <value>
                <![CDATA[7nOK5tc]]>
              </value>
            </param>
          </params>
          <reporter-output>
          </reporter-output>
        </test-method> <!-- loginNegative -->
        <test-method status="PASS" signature="finishTest(org.testng.ITestResult)[pri:0, instance:org.example.tests.LoginTests@2698dc7]" name="finishTest" is-config="true" duration-ms="0" started-at="2021-04-30T11:15:54 IDT" finished-at="2021-04-30T11:15:54 IDT">
          <params>
            <param index="0">
              <value>
                <![CDATA[[TestResult name=loginNegative status=SUCCESS method=LoginTests.loginNegative(java.lang.String, java.lang.String)[pri:0, instance:org.example.tests.LoginTests@2698dc7] output={null}]]]>
              </value>
            </param>
          </params>
          <reporter-output>
          </reporter-output>
        </test-method> <!-- finishTest -->
        <test-method status="PASS" signature="tearDown()[pri:0, instance:org.example.tests.LoginTests@2698dc7]" name="tearDown" is-config="true" duration-ms="619" started-at="2021-04-30T11:15:54 IDT" finished-at="2021-04-30T11:15:54 IDT">
          <reporter-output>
          </reporter-output>
        </test-method> <!-- tearDown -->
        <test-method status="PASS" signature="initWebDriver()[pri:0, instance:org.example.tests.LoginTests@2698dc7]" name="initWebDriver" is-config="true" duration-ms="3375" started-at="2021-04-30T11:15:54 IDT" finished-at="2021-04-30T11:15:57 IDT">
          <reporter-output>
          </reporter-output>
        </test-method> <!-- initWebDriver -->
        <test-method status="PASS" signature="initTests()[pri:0, instance:org.example.tests.LoginTests@2698dc7]" name="initTests" is-config="true" duration-ms="1958" started-at="2021-04-30T11:15:57 IDT" finished-at="2021-04-30T11:15:59 IDT">
          <reporter-output>
          </reporter-output>
        </test-method> <!-- initTests -->
        <test-method status="PASS" signature="loginNegative(java.lang.String, java.lang.String)[pri:0, instance:org.example.tests.LoginTests@2698dc7]" name="loginNegative" duration-ms="2172" started-at="2021-04-30T11:15:59 IDT" data-provider="dataProviderRandomDataInsert" finished-at="2021-04-30T11:16:02 IDT">
          <params>
            <param index="0">
              <value>
                <![CDATA[0kH]]>
              </value>
            </param>
            <param index="1">
              <value>
                <![CDATA[E1kGuG]]>
              </value>
            </param>
          </params>
          <reporter-output>
          </reporter-output>
        </test-method> <!-- loginNegative -->
        <test-method status="PASS" signature="finishTest(org.testng.ITestResult)[pri:0, instance:org.example.tests.LoginTests@2698dc7]" name="finishTest" is-config="true" duration-ms="0" started-at="2021-04-30T11:16:02 IDT" finished-at="2021-04-30T11:16:02 IDT">
          <params>
            <param index="0">
              <value>
                <![CDATA[[TestResult name=loginNegative status=SUCCESS method=LoginTests.loginNegative(java.lang.String, java.lang.String)[pri:0, instance:org.example.tests.LoginTests@2698dc7] output={null}]]]>
              </value>
            </param>
          </params>
          <reporter-output>
          </reporter-output>
        </test-method> <!-- finishTest -->
        <test-method status="PASS" signature="tearDown()[pri:0, instance:org.example.tests.LoginTests@2698dc7]" name="tearDown" is-config="true" duration-ms="760" started-at="2021-04-30T11:16:02 IDT" finished-at="2021-04-30T11:16:02 IDT">
          <reporter-output>
          </reporter-output>
        </test-method> <!-- tearDown -->
      </class> <!-- org.example.tests.LoginTests -->
    </test> <!-- regression exclude smoke testing -->
  </suite> <!-- Tests -->
</testng-results>
